<?xml version="1.0" encoding="UTF-8"?>
<testsuite name="com.prime.service.test.PrimeNumberGeneratorFactoryTest" tests="2" skipped="0" failures="0" errors="0" timestamp="2018-05-08T22:05:37" hostname="dibbydon-PC" time="0.002">
  <properties/>
  <testcase name="testGivenParameter_Option_FactoryReturns_AtkinsGenerator" classname="com.prime.service.test.PrimeNumberGeneratorFactoryTest" time="0.002"/>
  <testcase name="testGivenNoParameterFactoryReturns_EratosthenesGenerator" classname="com.prime.service.test.PrimeNumberGeneratorFactoryTest" time="0.0"/>
  <system-out><![CDATA[]]></system-out>
  <system-err><![CDATA[]]></system-err>
</testsuite>
