<?xml version="1.0" encoding="UTF-8"?>
<testsuite name="com.prime.Integration.test.PrimeNumberEnd2EndIntegrationTest" tests="4" skipped="0" failures="0" errors="0" timestamp="2018-05-08T22:05:36" hostname="dibbydon-PC" time="0.332">
  <properties/>
  <testcase name="givenInvalidInputOf_1_ExpectErrorDetailedMessage" classname="com.prime.Integration.test.PrimeNumberEnd2EndIntegrationTest" time="0.273"/>
  <testcase name="givenValidInputOf_10_ExpectAnOkAndValidJsonResponse" classname="com.prime.Integration.test.PrimeNumberEnd2EndIntegrationTest" time="0.027"/>
  <testcase name="givenValidInputOf_10_WithOptionalAlgorithmExpectAnOkAndValidJsonResponse" classname="com.prime.Integration.test.PrimeNumberEnd2EndIntegrationTest" time="0.014"/>
  <testcase name="givenInvalidInputOf_1_WithOptionalParameterExpectErrorDetailedMessage" classname="com.prime.Integration.test.PrimeNumberEnd2EndIntegrationTest" time="0.014"/>
  <system-out><![CDATA[2018-05-08 23:05:33.651  INFO 15344 --- [    Test worker] .b.t.c.SpringBootTestContextBootstrapper : Neither @ContextConfiguration nor @ContextHierarchy found for test class [com.prime.Integration.test.PrimeNumberEnd2EndIntegrationTest], using SpringBootContextLoader
2018-05-08 23:05:33.652  INFO 15344 --- [    Test worker] o.s.t.c.support.AbstractContextLoader    : Could not detect default resource locations for test class [com.prime.Integration.test.PrimeNumberEnd2EndIntegrationTest]: no resource found for suffixes {-context.xml, Context.groovy}.
2018-05-08 23:05:33.660  INFO 15344 --- [    Test worker] .b.t.c.SpringBootTestContextBootstrapper : Found @SpringBootConfiguration com.prime.ApplicationConfig for test class com.prime.Integration.test.PrimeNumberEnd2EndIntegrationTest
2018-05-08 23:05:33.665  INFO 15344 --- [    Test worker] .b.t.c.SpringBootTestContextBootstrapper : Loaded default TestExecutionListener class names from location [META-INF/spring.factories]: [org.springframework.boot.test.autoconfigure.restdocs.RestDocsTestExecutionListener, org.springframework.boot.test.autoconfigure.web.client.MockRestServiceServerResetTestExecutionListener, org.springframework.boot.test.autoconfigure.web.servlet.MockMvcPrintOnlyOnFailureTestExecutionListener, org.springframework.boot.test.autoconfigure.web.servlet.WebDriverTestExecutionListener, org.springframework.boot.test.mock.mockito.MockitoTestExecutionListener, org.springframework.boot.test.mock.mockito.ResetMocksTestExecutionListener, org.springframework.test.context.web.ServletTestExecutionListener, org.springframework.test.context.support.DirtiesContextBeforeModesTestExecutionListener, org.springframework.test.context.support.DependencyInjectionTestExecutionListener, org.springframework.test.context.support.DirtiesContextTestExecutionListener, org.springframework.test.context.transaction.TransactionalTestExecutionListener, org.springframework.test.context.jdbc.SqlScriptsTestExecutionListener]
2018-05-08 23:05:33.668  INFO 15344 --- [    Test worker] .b.t.c.SpringBootTestContextBootstrapper : Using TestExecutionListeners: [org.springframework.test.context.web.ServletTestExecutionListener@11fa70e9, org.springframework.test.context.support.DirtiesContextBeforeModesTestExecutionListener@264dbec7, org.springframework.boot.test.mock.mockito.MockitoTestExecutionListener@71add1a9, org.springframework.boot.test.autoconfigure.SpringBootDependencyInjectionTestExecutionListener@7bb87e21, org.springframework.test.context.support.DirtiesContextTestExecutionListener@39073487, org.springframework.boot.test.autoconfigure.restdocs.RestDocsTestExecutionListener@72f71ee6, org.springframework.boot.test.autoconfigure.web.client.MockRestServiceServerResetTestExecutionListener@6d48b988, org.springframework.boot.test.autoconfigure.web.servlet.MockMvcPrintOnlyOnFailureTestExecutionListener@55b98b76, org.springframework.boot.test.autoconfigure.web.servlet.WebDriverTestExecutionListener@559a3e4a, org.springframework.boot.test.mock.mockito.ResetMocksTestExecutionListener@1fd01a31]

  .   ____          _            __ _ _
 /\\ / ___'_ __ _ _(_)_ __  __ _ \ \ \ \
( ( )\___ | '_ | '_| | '_ \/ _` | \ \ \ \
 \\/  ___)| |_)| | | | | || (_| |  ) ) ) )
  '  |____| .__|_| |_|_| |_\__, | / / / /
 =========|_|==============|___/=/_/_/_/
 :: Spring Boot ::        (v2.0.1.RELEASE)

2018-05-08 23:05:33.749  INFO 15344 --- [    Test worker] .p.I.t.PrimeNumberEnd2EndIntegrationTest : Starting PrimeNumberEnd2EndIntegrationTest on dibbydon-PC with PID 15344 (started by dibbydon in D:\workspace-central\prime-service)
2018-05-08 23:05:33.750  INFO 15344 --- [    Test worker] .p.I.t.PrimeNumberEnd2EndIntegrationTest : No active profile set, falling back to default profiles: default
2018-05-08 23:05:33.757  INFO 15344 --- [    Test worker] ConfigServletWebServerApplicationContext : Refreshing org.springframework.boot.web.servlet.context.AnnotationConfigServletWebServerApplicationContext@7417bcd2: startup date [Tue May 08 23:05:33 BST 2018]; root of context hierarchy
2018-05-08 23:05:34.937  INFO 15344 --- [    Test worker] o.s.b.w.embedded.tomcat.TomcatWebServer  : Tomcat initialized with port(s): 0 (http)
2018-05-08 23:05:35.001  INFO 15344 --- [    Test worker] o.apache.catalina.core.StandardService   : Starting service [Tomcat]
2018-05-08 23:05:35.002  INFO 15344 --- [    Test worker] org.apache.catalina.core.StandardEngine  : Starting Servlet Engine: Apache Tomcat/8.5.29
2018-05-08 23:05:35.023  INFO 15344 --- [ost-startStop-1] o.a.catalina.core.AprLifecycleListener   : The APR based Apache Tomcat Native library which allows optimal performance in production environments was not found on the java.library.path: [C:\Program Files\Java\jdk1.8\bin;C:\WINDOWS\Sun\Java\bin;C:\WINDOWS\system32;C:\WINDOWS;C:\ProgramData\Oracle\Java\javapath;C:\WINDOWS\system32;C:\WINDOWS;C:\WINDOWS\System32\Wbem;C:\WINDOWS\System32\WindowsPowerShell\v1.0\;C:\Program Files\WIDCOMM\Bluetooth Software\;C:\Program Files\WIDCOMM\Bluetooth Software\syswow64;C:\Program Files (x86)\Common Files\Ulead Systems\MPEG;C:\Program Files (x86)\QuickTime\QTSystem\;%C:\Program Files\Java\jdk1.8%\bin;C:\apache-maven\bin;C:\gradle\bin;C:\Program Files (x86)\Skype\Phone\;C:\WINDOWS\system32\config\systemprofile\.dnx\bin;C:\Program Files\Microsoft DNX\Dnvm\;C:\Program Files\Microsoft SQL Server\130\Tools\Binn\;C:\Program Files (x86)\scala\bin;C:\Program Files (x86)\Common Files\Apple\Internet Services\;C:\Program Files\Git\cmd;C:\Users\dibbydon\AppData\Local\Microsoft\WindowsApps;;.]
2018-05-08 23:05:35.434  INFO 15344 --- [ost-startStop-1] o.a.c.c.C.[Tomcat].[localhost].[/]       : Initializing Spring embedded WebApplicationContext
2018-05-08 23:05:35.435  INFO 15344 --- [ost-startStop-1] o.s.web.context.ContextLoader            : Root WebApplicationContext: initialization completed in 1678 ms
2018-05-08 23:05:35.788  INFO 15344 --- [ost-startStop-1] o.s.b.w.servlet.ServletRegistrationBean  : Servlet dispatcherServlet mapped to [/]
2018-05-08 23:05:35.796  INFO 15344 --- [ost-startStop-1] o.s.b.w.servlet.FilterRegistrationBean   : Mapping filter: 'characterEncodingFilter' to: [/*]
2018-05-08 23:05:35.797  INFO 15344 --- [ost-startStop-1] o.s.b.w.servlet.FilterRegistrationBean   : Mapping filter: 'hiddenHttpMethodFilter' to: [/*]
2018-05-08 23:05:35.797  INFO 15344 --- [ost-startStop-1] o.s.b.w.servlet.FilterRegistrationBean   : Mapping filter: 'httpPutFormContentFilter' to: [/*]
2018-05-08 23:05:35.798  INFO 15344 --- [ost-startStop-1] o.s.b.w.servlet.FilterRegistrationBean   : Mapping filter: 'requestContextFilter' to: [/*]
2018-05-08 23:05:36.033  INFO 15344 --- [    Test worker] o.s.w.s.handler.SimpleUrlHandlerMapping  : Mapped URL path [/**/favicon.ico] onto handler of type [class org.springframework.web.servlet.resource.ResourceHttpRequestHandler]
2018-05-08 23:05:36.246  INFO 15344 --- [    Test worker] s.w.s.m.m.a.RequestMappingHandlerAdapter : Looking for @ControllerAdvice: org.springframework.boot.web.servlet.context.AnnotationConfigServletWebServerApplicationContext@7417bcd2: startup date [Tue May 08 23:05:33 BST 2018]; root of context hierarchy
2018-05-08 23:05:36.283  INFO 15344 --- [    Test worker] s.w.s.m.m.a.RequestMappingHandlerMapping : Mapped "{[/primes/{limit}],methods=[GET],produces=[application/json || application/xml]}" onto public org.springframework.http.ResponseEntity<?> com.prime.controller.PrimeNumberController.getPrimeNumbers(java.lang.Integer) throws com.prime.exception.InvalidInputException
2018-05-08 23:05:36.284  INFO 15344 --- [    Test worker] s.w.s.m.m.a.RequestMappingHandlerMapping : Mapped "{[/primes/{limit}],methods=[GET],params=[algo],produces=[application/json || application/xml]}" onto public org.springframework.http.ResponseEntity<?> com.prime.controller.PrimeNumberController.getPrimeNumbers(java.lang.Integer,java.lang.String) throws com.prime.exception.InvalidInputException
2018-05-08 23:05:36.288  INFO 15344 --- [    Test worker] s.w.s.m.m.a.RequestMappingHandlerMapping : Mapped "{[/error]}" onto public org.springframework.http.ResponseEntity<java.util.Map<java.lang.String, java.lang.Object>> org.springframework.boot.autoconfigure.web.servlet.error.BasicErrorController.error(javax.servlet.http.HttpServletRequest)
2018-05-08 23:05:36.288  INFO 15344 --- [    Test worker] s.w.s.m.m.a.RequestMappingHandlerMapping : Mapped "{[/error],produces=[text/html]}" onto public org.springframework.web.servlet.ModelAndView org.springframework.boot.autoconfigure.web.servlet.error.BasicErrorController.errorHtml(javax.servlet.http.HttpServletRequest,javax.servlet.http.HttpServletResponse)
2018-05-08 23:05:36.328  INFO 15344 --- [    Test worker] o.s.w.s.handler.SimpleUrlHandlerMapping  : Mapped URL path [/webjars/**] onto handler of type [class org.springframework.web.servlet.resource.ResourceHttpRequestHandler]
2018-05-08 23:05:36.329  INFO 15344 --- [    Test worker] o.s.w.s.handler.SimpleUrlHandlerMapping  : Mapped URL path [/**] onto handler of type [class org.springframework.web.servlet.resource.ResourceHttpRequestHandler]
2018-05-08 23:05:36.350  INFO 15344 --- [    Test worker] .m.m.a.ExceptionHandlerExceptionResolver : Detected @ExceptionHandler methods in primeControllerExceptionHandler
2018-05-08 23:05:36.668  INFO 15344 --- [    Test worker] o.s.b.w.embedded.tomcat.TomcatWebServer  : Tomcat started on port(s): 52152 (http) with context path ''
2018-05-08 23:05:36.670  INFO 15344 --- [    Test worker] .p.I.t.PrimeNumberEnd2EndIntegrationTest : Started PrimeNumberEnd2EndIntegrationTest in 2.997 seconds (JVM running for 11.862)
2018-05-08 23:05:36.834  INFO 15344 --- [o-auto-1-exec-1] o.a.c.c.C.[Tomcat].[localhost].[/]       : Initializing Spring FrameworkServlet 'dispatcherServlet'
2018-05-08 23:05:36.835  INFO 15344 --- [o-auto-1-exec-1] o.s.web.servlet.DispatcherServlet        : FrameworkServlet 'dispatcherServlet': initialization started
2018-05-08 23:05:36.901  INFO 15344 --- [o-auto-1-exec-1] o.s.web.servlet.DispatcherServlet        : FrameworkServlet 'dispatcherServlet': initialization completed in 66 ms
2018-05-08 23:05:36.920 ERROR 15344 --- [o-auto-1-exec-1] .s.PrimeNumberGeneratorServiceSequential : input must be greater than or equal to 2
2018-05-08 23:05:36.922 ERROR 15344 --- [o-auto-1-exec-1] c.p.c.PrimeControllerExceptionHandler    : input must be greater than or equal to 2
<400,{"message":"input must be greater than or equal to 2","additionalMessage":"com.prime.exception.InvalidInputException: input must be greater than or equal to 2\r\n\tat com.prime.service.PrimeNumberGeneratorServiceSequential.generatePrimeNumbers(PrimeNumberGeneratorServiceSequential.java:29)\r\n\tat com.prime.controller.PrimeNumberController.getPrimeNumbers(PrimeNumberController.java:29)\r\n\tat sun.reflect.NativeMethodAccessorImpl.invoke0(Native Method)\r\n\tat sun.reflect.NativeMethodAccessorImpl.invoke(NativeMethodAccessorImpl.java:62)\r\n\tat sun.reflect.DelegatingMethodAccessorImpl.invoke(DelegatingMethodAccessorImpl.java:43)\r\n\tat java.lang.reflect.Method.invoke(Method.java:498)\r\n\tat org.springframework.web.method.support.InvocableHandlerMethod.doInvoke(InvocableHandlerMethod.java:209)\r\n\tat org.springframework.web.method.support.InvocableHandlerMethod.invokeForRequest(InvocableHandlerMethod.java:136)\r\n\tat org.springframework.web.servlet.mvc.method.annotation.ServletInvocableHandlerMethod.invokeAndHandle(ServletInvocableHandlerMethod.java:102)\r\n\tat org.springframework.web.servlet.mvc.method.annotation.RequestMappingHandlerAdapter.invokeHandlerMethod(RequestMappingHandlerAdapter.java:877)\r\n\tat org.springframework.web.servlet.mvc.method.annotation.RequestMappingHandlerAdapter.handleInternal(RequestMappingHandlerAdapter.java:783)\r\n\tat org.springframework.web.servlet.mvc.method.AbstractHandlerMethodAdapter.handle(AbstractHandlerMethodAdapter.java:87)\r\n\tat org.springframework.web.servlet.DispatcherServlet.doDispatch(DispatcherServlet.java:991)\r\n\tat org.springframework.web.servlet.DispatcherServlet.doService(DispatcherServlet.java:925)\r\n\tat org.springframework.web.servlet.FrameworkServlet.processRequest(FrameworkServlet.java:974)\r\n\tat org.springframework.web.servlet.FrameworkServlet.doGet(FrameworkServlet.java:866)\r\n\tat javax.servlet.http.HttpServlet.service(HttpServlet.java:687)\r\n\tat org.springframework.web.servlet.FrameworkServlet.service(FrameworkServlet.java:851)\r\n\tat javax.servlet.http.HttpServlet.service(HttpServlet.java:790)\r\n\tat org.apache.catalina.core.ApplicationFilterChain.internalDoFilter(ApplicationFilterChain.java:231)\r\n\tat org.apache.catalina.core.ApplicationFilterChain.doFilter(ApplicationFilterChain.java:166)\r\n\tat org.apache.tomcat.websocket.server.WsFilter.doFilter(WsFilter.java:52)\r\n\tat org.apache.catalina.core.ApplicationFilterChain.internalDoFilter(ApplicationFilterChain.java:193)\r\n\tat org.apache.catalina.core.ApplicationFilterChain.doFilter(ApplicationFilterChain.java:166)\r\n\tat org.springframework.web.filter.RequestContextFilter.doFilterInternal(RequestContextFilter.java:99)\r\n\tat org.springframework.web.filter.OncePerRequestFilter.doFilter(OncePerRequestFilter.java:107)\r\n\tat org.apache.catalina.core.ApplicationFilterChain.internalDoFilter(ApplicationFilterChain.java:193)\r\n\tat org.apache.catalina.core.ApplicationFilterChain.doFilter(ApplicationFilterChain.java:166)\r\n\tat org.springframework.web.filter.HttpPutFormContentFilter.doFilterInternal(HttpPutFormContentFilter.java:109)\r\n\tat org.springframework.web.filter.OncePerRequestFilter.doFilter(OncePerRequestFilter.java:107)\r\n\tat org.apache.catalina.core.ApplicationFilterChain.internalDoFilter(ApplicationFilterChain.java:193)\r\n\tat org.apache.catalina.core.ApplicationFilterChain.doFilter(ApplicationFilterChain.java:166)\r\n\tat org.springframework.web.filter.HiddenHttpMethodFilter.doFilterInternal(HiddenHttpMethodFilter.java:81)\r\n\tat org.springframework.web.filter.OncePerRequestFilter.doFilter(OncePerRequestFilter.java:107)\r\n\tat org.apache.catalina.core.ApplicationFilterChain.internalDoFilter(ApplicationFilterChain.java:193)\r\n\tat org.apache.catalina.core.ApplicationFilterChain.doFilter(ApplicationFilterChain.java:166)\r\n\tat org.springframework.web.filter.CharacterEncodingFilter.doFilterInternal(CharacterEncodingFilter.java:200)\r\n\tat org.springframework.web.filter.OncePerRequestFilter.doFilter(OncePerRequestFilter.java:107)\r\n\tat org.apache.catalina.core.ApplicationFilterChain.internalDoFilter(ApplicationFilterChain.java:193)\r\n\tat org.apache.catalina.core.ApplicationFilterChain.doFilter(ApplicationFilterChain.java:166)\r\n\tat org.apache.catalina.core.StandardWrapperValve.invoke(StandardWrapperValve.java:198)\r\n\tat org.apache.catalina.core.StandardContextValve.invoke(StandardContextValve.java:96)\r\n\tat org.apache.catalina.authenticator.AuthenticatorBase.invoke(AuthenticatorBase.java:496)\r\n\tat org.apache.catalina.core.StandardHostValve.invoke(StandardHostValve.java:140)\r\n\tat org.apache.catalina.valves.ErrorReportValve.invoke(ErrorReportValve.java:81)\r\n\tat org.apache.catalina.core.StandardEngineValve.invoke(StandardEngineValve.java:87)\r\n\tat org.apache.catalina.connector.CoyoteAdapter.service(CoyoteAdapter.java:342)\r\n\tat org.apache.coyote.http11.Http11Processor.service(Http11Processor.java:803)\r\n\tat org.apache.coyote.AbstractProcessorLight.process(AbstractProcessorLight.java:66)\r\n\tat org.apache.coyote.AbstractProtocol$ConnectionHandler.process(AbstractProtocol.java:790)\r\n\tat org.apache.tomcat.util.net.NioEndpoint$SocketProcessor.doRun(NioEndpoint.java:1459)\r\n\tat org.apache.tomcat.util.net.SocketProcessorBase.run(SocketProcessorBase.java:49)\r\n\tat java.util.concurrent.ThreadPoolExecutor.runWorker(ThreadPoolExecutor.java:1149)\r\n\tat java.util.concurrent.ThreadPoolExecutor$Worker.run(ThreadPoolExecutor.java:624)\r\n\tat org.apache.tomcat.util.threads.TaskThread$WrappingRunnable.run(TaskThread.java:61)\r\n\tat java.lang.Thread.run(Thread.java:748)\r\n"},{Content-Type=[application/json;charset=UTF-8], Transfer-Encoding=[chunked], Date=[Tue, 08 May 2018 22:05:36 GMT], Connection=[close]}>
<200,{"Initial":10,"Primes":[2,3,5,7]},{Cache-Control=[max-age=1, public, s-maxage=1], Content-Type=[application/json;charset=UTF-8], Transfer-Encoding=[chunked], Date=[Tue, 08 May 2018 22:05:36 GMT]}>
<200,{"Initial":10,"Primes":[2,3,5,7]},{Cache-Control=[max-age=1, public, s-maxage=1], Content-Type=[application/json;charset=UTF-8], Transfer-Encoding=[chunked], Date=[Tue, 08 May 2018 22:05:36 GMT]}>
2018-05-08 23:05:37.001 ERROR 15344 --- [o-auto-1-exec-4] p.s.PrimeNumberGeneratorServiceParralell : input must be greater than or equal to 2
2018-05-08 23:05:37.003 ERROR 15344 --- [o-auto-1-exec-4] c.p.c.PrimeControllerExceptionHandler    : input must be greater than or equal to 2
<400,{"message":"input must be greater than or equal to 2","additionalMessage":"com.prime.exception.InvalidInputException: input must be greater than or equal to 2\r\n\tat com.prime.service.PrimeNumberGeneratorServiceParralell.generatePrimeNumbers(PrimeNumberGeneratorServiceParralell.java:27)\r\n\tat com.prime.controller.PrimeNumberController.getPrimeNumbers(PrimeNumberController.java:43)\r\n\tat sun.reflect.NativeMethodAccessorImpl.invoke0(Native Method)\r\n\tat sun.reflect.NativeMethodAccessorImpl.invoke(NativeMethodAccessorImpl.java:62)\r\n\tat sun.reflect.DelegatingMethodAccessorImpl.invoke(DelegatingMethodAccessorImpl.java:43)\r\n\tat java.lang.reflect.Method.invoke(Method.java:498)\r\n\tat org.springframework.web.method.support.InvocableHandlerMethod.doInvoke(InvocableHandlerMethod.java:209)\r\n\tat org.springframework.web.method.support.InvocableHandlerMethod.invokeForRequest(InvocableHandlerMethod.java:136)\r\n\tat org.springframework.web.servlet.mvc.method.annotation.ServletInvocableHandlerMethod.invokeAndHandle(ServletInvocableHandlerMethod.java:102)\r\n\tat org.springframework.web.servlet.mvc.method.annotation.RequestMappingHandlerAdapter.invokeHandlerMethod(RequestMappingHandlerAdapter.java:877)\r\n\tat org.springframework.web.servlet.mvc.method.annotation.RequestMappingHandlerAdapter.handleInternal(RequestMappingHandlerAdapter.java:783)\r\n\tat org.springframework.web.servlet.mvc.method.AbstractHandlerMethodAdapter.handle(AbstractHandlerMethodAdapter.java:87)\r\n\tat org.springframework.web.servlet.DispatcherServlet.doDispatch(DispatcherServlet.java:991)\r\n\tat org.springframework.web.servlet.DispatcherServlet.doService(DispatcherServlet.java:925)\r\n\tat org.springframework.web.servlet.FrameworkServlet.processRequest(FrameworkServlet.java:974)\r\n\tat org.springframework.web.servlet.FrameworkServlet.doGet(FrameworkServlet.java:866)\r\n\tat javax.servlet.http.HttpServlet.service(HttpServlet.java:687)\r\n\tat org.springframework.web.servlet.FrameworkServlet.service(FrameworkServlet.java:851)\r\n\tat javax.servlet.http.HttpServlet.service(HttpServlet.java:790)\r\n\tat org.apache.catalina.core.ApplicationFilterChain.internalDoFilter(ApplicationFilterChain.java:231)\r\n\tat org.apache.catalina.core.ApplicationFilterChain.doFilter(ApplicationFilterChain.java:166)\r\n\tat org.apache.tomcat.websocket.server.WsFilter.doFilter(WsFilter.java:52)\r\n\tat org.apache.catalina.core.ApplicationFilterChain.internalDoFilter(ApplicationFilterChain.java:193)\r\n\tat org.apache.catalina.core.ApplicationFilterChain.doFilter(ApplicationFilterChain.java:166)\r\n\tat org.springframework.web.filter.RequestContextFilter.doFilterInternal(RequestContextFilter.java:99)\r\n\tat org.springframework.web.filter.OncePerRequestFilter.doFilter(OncePerRequestFilter.java:107)\r\n\tat org.apache.catalina.core.ApplicationFilterChain.internalDoFilter(ApplicationFilterChain.java:193)\r\n\tat org.apache.catalina.core.ApplicationFilterChain.doFilter(ApplicationFilterChain.java:166)\r\n\tat org.springframework.web.filter.HttpPutFormContentFilter.doFilterInternal(HttpPutFormContentFilter.java:109)\r\n\tat org.springframework.web.filter.OncePerRequestFilter.doFilter(OncePerRequestFilter.java:107)\r\n\tat org.apache.catalina.core.ApplicationFilterChain.internalDoFilter(ApplicationFilterChain.java:193)\r\n\tat org.apache.catalina.core.ApplicationFilterChain.doFilter(ApplicationFilterChain.java:166)\r\n\tat org.springframework.web.filter.HiddenHttpMethodFilter.doFilterInternal(HiddenHttpMethodFilter.java:81)\r\n\tat org.springframework.web.filter.OncePerRequestFilter.doFilter(OncePerRequestFilter.java:107)\r\n\tat org.apache.catalina.core.ApplicationFilterChain.internalDoFilter(ApplicationFilterChain.java:193)\r\n\tat org.apache.catalina.core.ApplicationFilterChain.doFilter(ApplicationFilterChain.java:166)\r\n\tat org.springframework.web.filter.CharacterEncodingFilter.doFilterInternal(CharacterEncodingFilter.java:200)\r\n\tat org.springframework.web.filter.OncePerRequestFilter.doFilter(OncePerRequestFilter.java:107)\r\n\tat org.apache.catalina.core.ApplicationFilterChain.internalDoFilter(ApplicationFilterChain.java:193)\r\n\tat org.apache.catalina.core.ApplicationFilterChain.doFilter(ApplicationFilterChain.java:166)\r\n\tat org.apache.catalina.core.StandardWrapperValve.invoke(StandardWrapperValve.java:198)\r\n\tat org.apache.catalina.core.StandardContextValve.invoke(StandardContextValve.java:96)\r\n\tat org.apache.catalina.authenticator.AuthenticatorBase.invoke(AuthenticatorBase.java:496)\r\n\tat org.apache.catalina.core.StandardHostValve.invoke(StandardHostValve.java:140)\r\n\tat org.apache.catalina.valves.ErrorReportValve.invoke(ErrorReportValve.java:81)\r\n\tat org.apache.catalina.core.StandardEngineValve.invoke(StandardEngineValve.java:87)\r\n\tat org.apache.catalina.connector.CoyoteAdapter.service(CoyoteAdapter.java:342)\r\n\tat org.apache.coyote.http11.Http11Processor.service(Http11Processor.java:803)\r\n\tat org.apache.coyote.AbstractProcessorLight.process(AbstractProcessorLight.java:66)\r\n\tat org.apache.coyote.AbstractProtocol$ConnectionHandler.process(AbstractProtocol.java:790)\r\n\tat org.apache.tomcat.util.net.NioEndpoint$SocketProcessor.doRun(NioEndpoint.java:1459)\r\n\tat org.apache.tomcat.util.net.SocketProcessorBase.run(SocketProcessorBase.java:49)\r\n\tat java.util.concurrent.ThreadPoolExecutor.runWorker(ThreadPoolExecutor.java:1149)\r\n\tat java.util.concurrent.ThreadPoolExecutor$Worker.run(ThreadPoolExecutor.java:624)\r\n\tat org.apache.tomcat.util.threads.TaskThread$WrappingRunnable.run(TaskThread.java:61)\r\n\tat java.lang.Thread.run(Thread.java:748)\r\n"},{Content-Type=[application/json;charset=UTF-8], Transfer-Encoding=[chunked], Date=[Tue, 08 May 2018 22:05:36 GMT], Connection=[close]}>
]]></system-out>
  <system-err><![CDATA[]]></system-err>
</testsuite>
